<?xml version="1.0" encoding="UTF-8"?>
<testng-results skipped="0" failed="0" ignored="0" total="2" passed="2">
  <reporter-output>
  </reporter-output>
  <suite name="Default suite" duration-ms="19201" started-at="2021-01-06T15:34:48 IST" finished-at="2021-01-06T15:35:07 IST">
    <groups>
    </groups>
    <test name="Default test" duration-ms="19201" started-at="2021-01-06T15:34:48 IST" finished-at="2021-01-06T15:35:07 IST">
      <class name="tests.TestCase2">
        <test-method status="PASS" signature="setUp()[pri:0, instance:tests.TestCase2@307f6b8c]" name="setUp" is-config="true" duration-ms="11449" started-at="2021-01-06T15:34:48 IST" finished-at="2021-01-06T15:34:59 IST">
          <reporter-output>
          </reporter-output>
        </test-method> <!-- setUp -->
        <test-method status="PASS" signature="testcase1()[pri:1, instance:tests.TestCase2@307f6b8c]" name="testcase1" duration-ms="2687" started-at="2021-01-06T15:34:59 IST" finished-at="2021-01-06T15:35:02 IST">
          <reporter-output>
          </reporter-output>
        </test-method> <!-- testcase1 -->
        <test-method status="PASS" signature="testcase2()[pri:2, instance:tests.TestCase2@307f6b8c]" name="testcase2" duration-ms="1851" started-at="2021-01-06T15:35:02 IST" finished-at="2021-01-06T15:35:04 IST">
          <reporter-output>
          </reporter-output>
        </test-method> <!-- testcase2 -->
        <test-method status="PASS" signature="tearDown()[pri:0, instance:tests.TestCase2@307f6b8c]" name="tearDown" is-config="true" duration-ms="3174" started-at="2021-01-06T15:35:04 IST" finished-at="2021-01-06T15:35:07 IST">
          <reporter-output>
          </reporter-output>
        </test-method> <!-- tearDown -->
      </class> <!-- tests.TestCase2 -->
    </test> <!-- Default test -->
  </suite> <!-- Default suite -->
</testng-results>
